<?xml version="1.0" encoding="UTF-8"?>
<!-- Generated by org.testng.reporters.JUnitXMLReporter -->
<testsuite ignored="0" hostname="NAVEEN" failures="0" tests="5" name="Default test" time="13.649" errors="0" timestamp="2023-06-01T18:27:06 IST">
  <testcase classname="com.Runner.GoibiboRunner" name="ApplicationLaunch" time="5.346"/>
  <testcase classname="com.Runner.GoibiboRunner" name="orgin" time="0.992"/>
  <testcase classname="com.Runner.GoibiboRunner" name="adulttab" time="2.295"/>
  <testcase classname="com.Runner.GoibiboRunner" name="plusbutton" time="0.669"/>
  <testcase classname="com.Runner.GoibiboRunner" name="donebutton" time="4.24"/>
</testsuite> <!-- Default test -->
