<?xml version="1.0" encoding="UTF-8"?>
<testng-results ignored="0" total="5" passed="5" failed="0" skipped="0">
  <reporter-output>
  </reporter-output>
  <suite started-at="2023-06-01T18:26:52 IST" name="Default suite" finished-at="2023-06-01T18:27:06 IST" duration-ms="13649">
    <groups>
    </groups>
    <test started-at="2023-06-01T18:26:52 IST" name="Default test" finished-at="2023-06-01T18:27:06 IST" duration-ms="13649">
      <class name="com.Runner.GoibiboRunner">
        <test-method signature="ApplicationLaunch()[pri:1, instance:com.Runner.GoibiboRunner@2e385cce]" started-at="2023-06-01T18:26:52 IST" name="ApplicationLaunch" finished-at="2023-06-01T18:26:58 IST" duration-ms="5346" status="PASS">
          <reporter-output>
          </reporter-output>
        </test-method> <!-- ApplicationLaunch -->
        <test-method signature="orgin()[pri:2, instance:com.Runner.GoibiboRunner@2e385cce]" started-at="2023-06-01T18:26:58 IST" name="orgin" finished-at="2023-06-01T18:26:59 IST" duration-ms="992" status="PASS">
          <reporter-output>
          </reporter-output>
        </test-method> <!-- orgin -->
        <test-method signature="adulttab()[pri:3, instance:com.Runner.GoibiboRunner@2e385cce]" started-at="2023-06-01T18:26:59 IST" name="adulttab" finished-at="2023-06-01T18:27:01 IST" duration-ms="2295" status="PASS">
          <reporter-output>
          </reporter-output>
        </test-method> <!-- adulttab -->
        <test-method signature="plusbutton()[pri:4, instance:com.Runner.GoibiboRunner@2e385cce]" started-at="2023-06-01T18:27:01 IST" name="plusbutton" finished-at="2023-06-01T18:27:01 IST" duration-ms="669" status="PASS">
          <reporter-output>
          </reporter-output>
        </test-method> <!-- plusbutton -->
        <test-method signature="donebutton()[pri:5, instance:com.Runner.GoibiboRunner@2e385cce]" started-at="2023-06-01T18:27:01 IST" name="donebutton" finished-at="2023-06-01T18:27:06 IST" duration-ms="4240" status="PASS">
          <reporter-output>
          </reporter-output>
        </test-method> <!-- donebutton -->
      </class> <!-- com.Runner.GoibiboRunner -->
    </test> <!-- Default test -->
  </suite> <!-- Default suite -->
</testng-results>
