<?xml version="1.0" encoding="UTF-8"?>
<testng-results ignored="0" total="2" passed="2" failed="0" skipped="0">
  <reporter-output>
  </reporter-output>
  <suite started-at="2023-06-01T16:39:39 IST" name="Default suite" finished-at="2023-06-01T16:39:46 IST" duration-ms="7278">
    <groups>
    </groups>
    <test started-at="2023-06-01T16:39:39 IST" name="Default test" finished-at="2023-06-01T16:39:46 IST" duration-ms="7278">
      <class name="com.Runner.GoibiboRunner">
        <test-method signature="ApplicationLaunch()[pri:1, instance:com.Runner.GoibiboRunner@7526515b]" started-at="2023-06-01T16:39:39 IST" name="ApplicationLaunch" finished-at="2023-06-01T16:39:45 IST" duration-ms="6120" status="PASS">
          <reporter-output>
          </reporter-output>
        </test-method> <!-- ApplicationLaunch -->
        <test-method signature="orgin()[pri:2, instance:com.Runner.GoibiboRunner@7526515b]" started-at="2023-06-01T16:39:45 IST" name="orgin" finished-at="2023-06-01T16:39:46 IST" duration-ms="1022" status="PASS">
          <reporter-output>
          </reporter-output>
        </test-method> <!-- orgin -->
      </class> <!-- com.Runner.GoibiboRunner -->
    </test> <!-- Default test -->
  </suite> <!-- Default suite -->
</testng-results>
